<?xml version="1.0" encoding="UTF-8" standalone="yes"?><!DOCTYPE report PUBLIC "-//JACOCO//DTD Report 1.1//EN" "report.dtd"><report name="parking-system"><sessioninfo id="SHIKA-94d8c803" start="1670925042979" dump="1670925045631"/><sessioninfo id="SHIKA-99798f26" start="1670925079565" dump="1670925082091"/><sessioninfo id="SHIKA-14bd8811" start="1670925097232" dump="1670925100672"/><sessioninfo id="SHIKA-f409ef8" start="1670925109377" dump="1670925111912"/><sessioninfo id="SHIKA-250b8982" start="1670925557844" dump="1670925560437"/><sessioninfo id="SHIKA-7b7a6d2b" start="1670930108926" dump="1670930111702"/></report>