<?xml version="1.0" encoding="UTF-8" standalone="yes"?><!DOCTYPE report PUBLIC "-//JACOCO//DTD Report 1.1//EN" "report.dtd"><report name="parking-system"><sessioninfo id="SHIKA-afbba968" start="1670948145300" dump="1670948147881"/><sessioninfo id="SHIKA-353e6887" start="1670948192366" dump="1670948194938"/><sessioninfo id="SHIKA-1c3dd90a" start="1670948210123" dump="1670948213775"/><sessioninfo id="SHIKA-fd6d8b0c" start="1670948921738" dump="1670948924232"/><sessioninfo id="SHIKA-d4ebfc22" start="1670948973244" dump="1670948975786"/><sessioninfo id="SHIKA-cc222f32" start="1670949137231" dump="1670949139825"/></report>